INFO: 2021-07-14 20:36:17,936: main() 'Using profile folder /home/niel/.config/variety/'
INFO: 2021-07-14 20:36:17,942: perform_upgrade() 'Last run version was 0.8.5 or earlier, current version is 0.8.5'
INFO: 2021-07-14 20:36:18,052: process_command() 'Received command: ['-n']'
INFO: 2021-07-14 20:36:18,055: load_banned() 'Missing or invalid banned URLs list, no URLs will be banned'
INFO: 2021-07-14 20:36:18,067: start() 'Using data_path /usr/share/variety'
INFO: 2021-07-14 20:36:18,068: load() 'Jumble loading'
INFO: 2021-07-14 20:36:18,068: _walk_modules() 'Jumble loading module in __init__ from /usr/lib/python3.9/site-packages/variety/plugins/builtin/__init__.py'
INFO: 2021-07-14 20:36:18,069: _walk_modules() 'Jumble loading module in APODDownloader from /usr/lib/python3.9/site-packages/variety/plugins/builtin/downloaders/APODDownloader.py'
INFO: 2021-07-14 20:36:18,070: load() 'Jumble found plugin class: <class 'APODDownloader.APODDownloader'>: {'name': 'APODDownloader', 'description': 'NASA Astro Pic of the Day', 'author': 'Peter Levi', 'version': '0.1'}'
INFO: 2021-07-14 20:36:18,071: _walk_modules() 'Jumble loading module in EarthviewDownloader from /usr/lib/python3.9/site-packages/variety/plugins/builtin/downloaders/EarthviewDownloader.py'
INFO: 2021-07-14 20:36:18,071: load() 'Jumble found plugin class: <class 'EarthviewDownloader.EarthviewDownloader'>: {'name': 'EarthviewDownloader', 'description': 'Google Earth View Wallpapers', 'author': 'Peter Levi', 'version': '0.1'}'
INFO: 2021-07-14 20:36:18,071: _walk_modules() 'Jumble loading module in UnsplashConfigurableSource from /usr/lib/python3.9/site-packages/variety/plugins/builtin/downloaders/UnsplashConfigurableSource.py'
INFO: 2021-07-14 20:36:18,073: load() 'Jumble found plugin class: <class 'UnsplashConfigurableSource.UnsplashConfigurableSource'>: {'name': 'UnsplashConfigurableSource', 'description': 'Configurable source for fetching photos from Unsplash.com', 'author': 'Peter Levi', 'version': '0.1'}'
INFO: 2021-07-14 20:36:18,073: _walk_modules() 'Jumble loading module in RedditDownloader from /usr/lib/python3.9/site-packages/variety/plugins/builtin/downloaders/RedditDownloader.py'
INFO: 2021-07-14 20:36:18,074: _walk_modules() 'Jumble loading module in BingDownloader from /usr/lib/python3.9/site-packages/variety/plugins/builtin/downloaders/BingDownloader.py'
INFO: 2021-07-14 20:36:18,074: load() 'Jumble found plugin class: <class 'BingDownloader.BingDownloader'>: {'name': 'BingDownloader', 'description': 'Bing Photo of the Day', 'author': 'Peter Levi', 'version': '0.1'}'
INFO: 2021-07-14 20:36:18,074: _walk_modules() 'Jumble loading module in RedditSource from /usr/lib/python3.9/site-packages/variety/plugins/builtin/downloaders/RedditSource.py'
INFO: 2021-07-14 20:36:18,075: load() 'Jumble found plugin class: <class 'RedditSource.RedditSource'>: {'name': 'RedditSource', 'description': 'Configurable source for fetching images from Reddit', 'author': 'Peter Levi', 'version': '0.1'}'
INFO: 2021-07-14 20:36:18,075: _walk_modules() 'Jumble loading module in __init__ from /usr/lib/python3.9/site-packages/variety/plugins/builtin/downloaders/__init__.py'
INFO: 2021-07-14 20:36:18,075: _walk_modules() 'Jumble loading module in MediaRSSSource from /usr/lib/python3.9/site-packages/variety/plugins/builtin/downloaders/MediaRSSSource.py'
INFO: 2021-07-14 20:36:18,077: load() 'Jumble found plugin class: <class 'MediaRSSSource.MediaRSSSource'>: {'name': 'MediaRSSSource', 'description': 'Configurable source for fetching images from MediaRSS feeds', 'author': 'Peter Levi', 'version': '0.1'}'
INFO: 2021-07-14 20:36:18,077: _walk_modules() 'Jumble loading module in WallhavenSource from /usr/lib/python3.9/site-packages/variety/plugins/builtin/downloaders/WallhavenSource.py'
INFO: 2021-07-14 20:36:18,078: load() 'Jumble found plugin class: <class 'WallhavenSource.WallhavenSource'>: {'name': 'WallhavenSource', 'description': 'Configurable source for fetching images from Wallhaven.cc', 'author': 'Peter Levi', 'version': '0.1'}'
INFO: 2021-07-14 20:36:18,078: _walk_modules() 'Jumble loading module in WallhavenDownloader from /usr/lib/python3.9/site-packages/variety/plugins/builtin/downloaders/WallhavenDownloader.py'
INFO: 2021-07-14 20:36:18,078: _walk_modules() 'Jumble loading module in UnsplashDownloader from /usr/lib/python3.9/site-packages/variety/plugins/builtin/downloaders/UnsplashDownloader.py'
INFO: 2021-07-14 20:36:18,079: load() 'Jumble found plugin class: <class 'UnsplashDownloader.UnsplashDownloader'>: {'name': 'UnsplashDownloader', 'description': 'High-resolution photos from Unsplash.com', 'author': 'Peter Levi', 'version': '0.1'}'
INFO: 2021-07-14 20:36:18,079: _walk_modules() 'Jumble loading module in MediaRSSDownloader from /usr/lib/python3.9/site-packages/variety/plugins/builtin/downloaders/MediaRSSDownloader.py'
INFO: 2021-07-14 20:36:18,079: _walk_modules() 'Jumble loading module in UrbanDictionarySource from /usr/lib/python3.9/site-packages/variety/plugins/builtin/quotes/UrbanDictionarySource.py'
INFO: 2021-07-14 20:36:18,080: load() 'Jumble found plugin class: <class 'UrbanDictionarySource.UrbanDictionarySource'>: {'name': 'Urban Dictionary', 'description': 'Displays definitions from Urban Dictionary', 'author': 'James Miller', 'version': '0.1'}'
INFO: 2021-07-14 20:36:18,080: _walk_modules() 'Jumble loading module in QuotationsPageSource from /usr/lib/python3.9/site-packages/variety/plugins/builtin/quotes/QuotationsPageSource.py'
INFO: 2021-07-14 20:36:18,086: load() 'Jumble found plugin class: <class 'QuotationsPageSource.QuotationsPageSource'>: {'name': 'TheQuotationsPage.com', 'description': 'Fetches quotes from TheQuotationsPage.com', 'author': 'Peter Levi', 'version': '0.1'}'
INFO: 2021-07-14 20:36:18,086: _walk_modules() 'Jumble loading module in __init__ from /usr/lib/python3.9/site-packages/variety/plugins/builtin/quotes/__init__.py'
INFO: 2021-07-14 20:36:18,087: _walk_modules() 'Jumble loading module in GoodreadsSource from /usr/lib/python3.9/site-packages/variety/plugins/builtin/quotes/GoodreadsSource.py'
INFO: 2021-07-14 20:36:18,087: load() 'Jumble found plugin class: <class 'GoodreadsSource.GoodreadsSource'>: {'name': 'Goodreads', 'description': 'Fetches quotes from Goodreads.com', 'author': 'Peter Levi', 'version': '0.1'}'
INFO: 2021-07-14 20:36:18,088: _walk_modules() 'Jumble loading module in FortuneSource from /usr/lib/python3.9/site-packages/variety/plugins/builtin/quotes/FortuneSource.py'
INFO: 2021-07-14 20:36:18,088: load() 'Jumble found plugin class: <class 'FortuneSource.FortuneSource'>: {'name': 'UNIX fortune program', 'description': 'Displays quotes using the UNIX fortune program. You may want to install additional fortune packs, e.g. fortunes-bofh-excuses.', 'author': 'Dan Jones', 'version': '0.1'}'
INFO: 2021-07-14 20:36:18,088: _walk_modules() 'Jumble loading module in LocalFilesSource from /usr/lib/python3.9/site-packages/variety/plugins/builtin/quotes/LocalFilesSource.py'
INFO: 2021-07-14 20:36:18,089: load() 'Jumble found plugin class: <class 'LocalFilesSource.LocalFilesSource'>: {'name': 'Local text files', 'description': 'Displays quotes, defined in local text files.\nPut your own txt files in: ~/.config/variety/pluginconfig/quotes/.\nThe file format is:\n\nquote -- author\n.\nsecond quote -- another author\n.\netc...\n\nExample: http://rvelthuis.de/zips/quotes.txt', 'author': 'Peter Levi', 'version': '0.1'}'
INFO: 2021-07-14 20:36:18,092: log_options() 'Loaded options:'
INFO: 2021-07-14 20:36:18,092: log_options() 'change_enabled = False'
INFO: 2021-07-14 20:36:18,092: log_options() 'change_interval = 300'
INFO: 2021-07-14 20:36:18,092: log_options() 'change_on_start = False'
INFO: 2021-07-14 20:36:18,092: log_options() 'clipboard_enabled = False'
INFO: 2021-07-14 20:36:18,092: log_options() 'clipboard_hosts = ['wallhaven.cc', 'wallpapers.net', 'flickr.com', 'imgur.com', 'deviantart.com', 'interfacelift.com', 'vladstudio.com', 'imageshack.us', 'deviantart.net', 'imageshack.com']'
INFO: 2021-07-14 20:36:18,092: log_options() 'clipboard_use_whitelist = True'
INFO: 2021-07-14 20:36:18,092: log_options() 'clock_date_font = Ubuntu Condensed, 30'
INFO: 2021-07-14 20:36:18,092: log_options() 'clock_enabled = False'
INFO: 2021-07-14 20:36:18,092: log_options() 'clock_filter = -density 100 -font `fc-match -f '%{file[0]}' '%CLOCK_FONT_NAME'` -pointsize %CLOCK_FONT_SIZE -gravity SouthEast -fill '#00000044' -annotate 0x0+[%HOFFSET+58]+[%VOFFSET+108] '%H:%M' -fill white -annotate 0x0+[%HOFFSET+60]+[%VOFFSET+110] '%H:%M' -font `fc-match -f '%{file[0]}' '%DATE_FONT_NAME'` -pointsize %DATE_FONT_SIZE -fill '#00000044' -annotate 0x0+[%HOFFSET+58]+[%VOFFSET+58] '%A, %B %d' -fill white -annotate 0x0+[%HOFFSET+60]+[%VOFFSET+60] '%A, %B %d''
INFO: 2021-07-14 20:36:18,092: log_options() 'clock_font = Ubuntu Condensed, 70'
INFO: 2021-07-14 20:36:18,092: log_options() 'configfile = /home/niel/.config/variety/variety.conf'
INFO: 2021-07-14 20:36:18,092: log_options() 'copyto_enabled = False'
INFO: 2021-07-14 20:36:18,092: log_options() 'copyto_folder = Default'
INFO: 2021-07-14 20:36:18,092: log_options() 'desired_color = [160, 160, 160]'
INFO: 2021-07-14 20:36:18,092: log_options() 'desired_color_enabled = False'
INFO: 2021-07-14 20:36:18,092: log_options() 'download_folder = /home/niel/.config/variety/Downloaded'
INFO: 2021-07-14 20:36:18,093: log_options() 'download_preference_ratio = 0.9'
INFO: 2021-07-14 20:36:18,093: log_options() 'favorites_folder = /home/niel/.config/variety/Favorites'
INFO: 2021-07-14 20:36:18,093: log_options() 'favorites_operations = [['Downloaded', 'Copy'], ['Fetched', 'Move'], ['Others', 'Copy']]'
INFO: 2021-07-14 20:36:18,093: log_options() 'fetched_folder = /home/niel/.config/variety/Fetched'
INFO: 2021-07-14 20:36:18,093: log_options() 'filters = [[False, 'Keep original', ''], [False, 'Grayscale', '-type Grayscale'], [False, 'Heavy blur', '-blur 120x40'], [False, 'Soft blur', '-blur 20x7'], [False, 'Oil painting', '-paint 8'], [False, 'Pointilism', '-spread 10 -noise 3'], [False, 'Pixellate', '-scale 3% -scale 3333%']]'
INFO: 2021-07-14 20:36:18,093: log_options() 'icon = Light'
INFO: 2021-07-14 20:36:18,093: log_options() 'lightness_enabled = False'
INFO: 2021-07-14 20:36:18,093: log_options() 'lightness_mode = 0'
INFO: 2021-07-14 20:36:18,093: log_options() 'min_rating = 4'
INFO: 2021-07-14 20:36:18,093: log_options() 'min_rating_enabled = False'
INFO: 2021-07-14 20:36:18,093: log_options() 'min_size = 80'
INFO: 2021-07-14 20:36:18,093: log_options() 'min_size_enabled = True'
INFO: 2021-07-14 20:36:18,093: log_options() 'quota_enabled = True'
INFO: 2021-07-14 20:36:18,093: log_options() 'quota_size = 1000'
INFO: 2021-07-14 20:36:18,093: log_options() 'quotes_authors = '
INFO: 2021-07-14 20:36:18,093: log_options() 'quotes_bg_color = [80, 80, 80]'
INFO: 2021-07-14 20:36:18,093: log_options() 'quotes_bg_opacity = 55'
INFO: 2021-07-14 20:36:18,093: log_options() 'quotes_change_enabled = False'
INFO: 2021-07-14 20:36:18,093: log_options() 'quotes_change_interval = 300'
INFO: 2021-07-14 20:36:18,093: log_options() 'quotes_disabled_sources = ['Urban Dictionary']'
INFO: 2021-07-14 20:36:18,093: log_options() 'quotes_enabled = False'
INFO: 2021-07-14 20:36:18,093: log_options() 'quotes_favorites_file = /home/niel/.config/variety/favorite_quotes.txt'
INFO: 2021-07-14 20:36:18,093: log_options() 'quotes_font = Bitstream Charter 30'
INFO: 2021-07-14 20:36:18,093: log_options() 'quotes_hpos = 100'
INFO: 2021-07-14 20:36:18,093: log_options() 'quotes_max_length = 250'
INFO: 2021-07-14 20:36:18,093: log_options() 'quotes_tags = '
INFO: 2021-07-14 20:36:18,093: log_options() 'quotes_text_color = [255, 255, 255]'
INFO: 2021-07-14 20:36:18,093: log_options() 'quotes_text_shadow = False'
INFO: 2021-07-14 20:36:18,093: log_options() 'quotes_vpos = 40'
INFO: 2021-07-14 20:36:18,093: log_options() 'quotes_width = 70'
INFO: 2021-07-14 20:36:18,093: log_options() 'safe_mode = False'
INFO: 2021-07-14 20:36:18,093: log_options() 'slideshow_custom_enabled = False'
INFO: 2021-07-14 20:36:18,093: log_options() 'slideshow_custom_folder = /home/niel/Pictures'
INFO: 2021-07-14 20:36:18,093: log_options() 'slideshow_downloads_enabled = False'
INFO: 2021-07-14 20:36:18,093: log_options() 'slideshow_fade = 0.4'
INFO: 2021-07-14 20:36:18,094: log_options() 'slideshow_favorites_enabled = True'
INFO: 2021-07-14 20:36:18,094: log_options() 'slideshow_mode = Fullscreen'
INFO: 2021-07-14 20:36:18,094: log_options() 'slideshow_monitor = All'
INFO: 2021-07-14 20:36:18,094: log_options() 'slideshow_pan = 0.05'
INFO: 2021-07-14 20:36:18,094: log_options() 'slideshow_seconds = 6.0'
INFO: 2021-07-14 20:36:18,094: log_options() 'slideshow_sort_order = Random'
INFO: 2021-07-14 20:36:18,094: log_options() 'slideshow_sources_enabled = True'
INFO: 2021-07-14 20:36:18,094: log_options() 'slideshow_zoom = 0.2'
INFO: 2021-07-14 20:36:18,094: log_options() 'smart_enabled = False'
INFO: 2021-07-14 20:36:18,094: log_options() 'smart_notice_shown = False'
INFO: 2021-07-14 20:36:18,094: log_options() 'smart_register_shown = False'
INFO: 2021-07-14 20:36:18,094: log_options() 'sources = [[True, 'favorites', 'The Favorites folder'], [False, 'fetched', 'The Fetched folder'], [True, 'folder', '/usr/share/backgrounds'], [False, 'flickr', 'user:www.flickr.com/photos/peter-levi/;user_id:93647178@N00;'], [False, 'apod', "NASA's Astronomy Picture of the Day"], [False, 'bing', 'Bing Photo of the Day'], [False, 'earthview', 'Google Earth View Wallpapers'], [False, 'unsplash', 'High-resolution photos from Unsplash.com']]'
INFO: 2021-07-14 20:36:18,094: log_options() 'stats_enabled = True'
INFO: 2021-07-14 20:36:18,094: log_options() 'stats_notice_shown = False'
INFO: 2021-07-14 20:36:18,094: log_options() 'sync_enabled = True'
INFO: 2021-07-14 20:36:18,094: log_options() 'use_landscape_enabled = True'
INFO: 2021-07-14 20:36:18,094: reload_config() 'No need to clear prepared queue'
INFO: 2021-07-14 20:36:18,094: update_indicator() 'Setting file info to: /home/niel/DATA/wallpapers/robot_art_design_1920x1080__saboorgaming-2019-11-26-1640.jpg'
INFO: 2021-07-14 20:36:18,096: load_last_change_time() 'Change interval < 6 hours, ignore persisted last_change_time, wait initially the whole interval: 300'
INFO: 2021-07-14 20:36:18,096: update_indicator() 'Setting file info to: /home/niel/DATA/wallpapers/robot_art_design_1920x1080__saboorgaming-2019-11-26-1640.jpg'
INFO: 2021-07-14 20:36:18,096: regular_change_thread() 'regular_change thread running'
INFO: 2021-07-14 20:36:18,096: regular_change_thread() 'regular_change: waiting till user resumes'
INFO: 2021-07-14 20:36:18,097: prepare_thread() 'Prepare thread running'
INFO: 2021-07-14 20:36:18,097: prepare_thread() 'Prepared buffer contains 0 images'
INFO: 2021-07-14 20:36:18,097: prepare_thread() 'Preparing some images'
INFO: 2021-07-14 20:36:18,098: update_indicator_icon() 'Creating indicator'
WARNING: 2021-07-14 20:36:18,106: create_menu() 'Variety Slideshow is not installed. This is an optional extension adding pan-and-zoom slideshows to Variety: see https://github.com/peterlevi/variety-slideshow for details'
INFO: 2021-07-14 20:36:18,107: create_indicator() 'indicator backend: AppIndicator3'
INFO: 2021-07-14 20:36:18,125: prepare_thread() 'After search prepared buffer contains 2 images'
INFO: 2021-07-14 20:36:18,148: set_from_theme_icon() 'Showing indicator icon variety-indicator from GTK theme'
INFO: 2021-07-14 20:36:18,196: do_set_wp() 'Calling do_set_wp with /home/niel/DATA/wallpapers/robot_art_design_1920x1080__saboorgaming-2019-11-26-1640.jpg, time: 1626287778.196763'
INFO: 2021-07-14 20:36:18,211: update_indicator() 'Setting file info to: /home/niel/DATA/wallpapers/robot_art_design_1920x1080__saboorgaming-2019-11-26-1640.jpg'
INFO: 2021-07-14 20:36:20,126: trigger_download() 'Triggering download thread to check if download needed'
INFO: 2021-07-14 20:36:20,209: reload() 'Reloading preferences dialog'
INFO: 2021-07-14 20:36:21,057: set_wallpaper() 'Calling set_wallpaper with /usr/share/backgrounds/arcolinux/harddisk-5184-3456.jpg'
INFO: 2021-07-14 20:36:21,057: prepare_thread() 'Prepared buffer contains 1 images'
INFO: 2021-07-14 20:36:21,057: prepare_thread() 'Preparing some images'
INFO: 2021-07-14 20:36:21,057: do_set_wp() 'Calling do_set_wp with /usr/share/backgrounds/arcolinux/harddisk-5184-3456.jpg, time: 1626287781.057931'
INFO: 2021-07-14 20:36:21,075: update_indicator() 'Setting file info to: /usr/share/backgrounds/arcolinux/harddisk-5184-3456.jpg'
INFO: 2021-07-14 20:36:21,089: prepare_thread() 'After search prepared buffer contains 2 images'
INFO: 2021-07-14 20:36:23,089: trigger_download() 'Triggering download thread to check if download needed'
INFO: 2021-07-14 20:36:24,885: process_command() 'Received command: ['-n']'
INFO: 2021-07-14 20:36:24,889: set_wallpaper() 'Calling set_wallpaper with /usr/share/backgrounds/arcolinux/night-glow-5839x3893.jpg'
INFO: 2021-07-14 20:36:24,889: prepare_thread() 'Prepared buffer contains 1 images'
INFO: 2021-07-14 20:36:24,889: do_set_wp() 'Calling do_set_wp with /usr/share/backgrounds/arcolinux/night-glow-5839x3893.jpg, time: 1626287784.8897681'
INFO: 2021-07-14 20:36:24,889: prepare_thread() 'Preparing some images'
INFO: 2021-07-14 20:36:24,912: update_indicator() 'Setting file info to: /usr/share/backgrounds/arcolinux/night-glow-5839x3893.jpg'
INFO: 2021-07-14 20:36:24,923: prepare_thread() 'After search prepared buffer contains 2 images'
INFO: 2021-07-14 20:36:26,924: trigger_download() 'Triggering download thread to check if download needed'
INFO: 2021-07-14 20:36:28,738: process_command() 'Received command: ['-n']'
INFO: 2021-07-14 20:36:28,743: set_wallpaper() 'Calling set_wallpaper with /usr/share/backgrounds/arcolinux/harddisk-5184-3456.jpg'
INFO: 2021-07-14 20:36:28,744: prepare_thread() 'Prepared buffer contains 1 images'
INFO: 2021-07-14 20:36:28,744: prepare_thread() 'Preparing some images'
INFO: 2021-07-14 20:36:28,744: do_set_wp() 'Calling do_set_wp with /usr/share/backgrounds/arcolinux/harddisk-5184-3456.jpg, time: 1626287788.744618'
INFO: 2021-07-14 20:36:28,763: update_indicator() 'Setting file info to: /usr/share/backgrounds/arcolinux/harddisk-5184-3456.jpg'
INFO: 2021-07-14 20:36:28,771: prepare_thread() 'After search prepared buffer contains 2 images'
INFO: 2021-07-14 20:36:30,772: trigger_download() 'Triggering download thread to check if download needed'
INFO: 2021-07-14 18:36:37,524: server_options_thread() 'Fetching server options from http://tiny.cc/variety-options-063'
INFO: 2021-07-14 18:36:38,320: server_options_thread() 'Fetched server options: {'flickr': {'min_fill_queue_interval': 1200, 'min_download_interval': 1200}, 'wallbase': {'min_fill_queue_interval': 1800, 'min_download_interval': 1800}, 'wallhaven': {'min_fill_queue_interval': 1800, 'min_download_interval': 1800}, 'wallpapers.net': {'min_fill_queue_interval': 601, 'min_download_interval': 0}, 'unsplash': {'min_fill_queue_interval': 20000000000, 'min_download_interval': 20000000000}, 'unsplash_v2': {'min_fill_queue_interval': 2000, 'min_download_interval': 1200}, 'status_message': {'0.0.1': '', '*': ''}}'
INFO: 2021-07-14 18:36:47,196: reload() 'Reloading preferences dialog'
INFO: 2021-07-14 18:37:01,006: validate() 'Validating Wallhaven location minimalism'
INFO: 2021-07-14 18:37:01,006: search() 'Performing wallhaven search: url=https://wallhaven.cc/search?q=minimalism&categories=111&purity=100&sorting=favorites&order=desc'
INFO: 2021-07-14 18:37:02,000: apply() 'Applying preferences'
INFO: 2021-07-14 18:37:02,012: set_visible() 'Showing indicator icon'
INFO: 2021-07-14 18:37:02,012: set_from_theme_icon() 'Showing indicator icon variety-indicator from GTK theme'
INFO: 2021-07-14 18:37:02,013: reload_config() 'Creating new downloader for type wallhaven, location minimalism'
INFO: 2021-07-14 18:37:02,013: makedirs() 'Creating folder /home/niel/.config/variety/Downloaded/wallhaven_minimalism'
INFO: 2021-07-14 18:37:02,013: log_options() 'Loaded options:'
INFO: 2021-07-14 18:37:02,013: log_options() 'change_enabled = False'
INFO: 2021-07-14 18:37:02,013: log_options() 'change_interval = 300'
INFO: 2021-07-14 18:37:02,014: log_options() 'change_on_start = False'
INFO: 2021-07-14 18:37:02,014: log_options() 'clipboard_enabled = False'
INFO: 2021-07-14 18:37:02,014: log_options() 'clipboard_hosts = ['wallhaven.cc', 'wallpapers.net', 'flickr.com', 'imgur.com', 'deviantart.com', 'interfacelift.com', 'vladstudio.com', 'imageshack.us', 'deviantart.net', 'imageshack.com']'
INFO: 2021-07-14 18:37:02,014: log_options() 'clipboard_use_whitelist = True'
INFO: 2021-07-14 18:37:02,014: log_options() 'clock_date_font = Ubuntu Condensed, 30'
INFO: 2021-07-14 18:37:02,014: log_options() 'clock_enabled = False'
INFO: 2021-07-14 18:37:02,014: log_options() 'clock_filter = -density 100 -font `fc-match -f '%{file[0]}' '%CLOCK_FONT_NAME'` -pointsize %CLOCK_FONT_SIZE -gravity SouthEast -fill '#00000044' -annotate 0x0+[%HOFFSET+58]+[%VOFFSET+108] '%H:%M' -fill white -annotate 0x0+[%HOFFSET+60]+[%VOFFSET+110] '%H:%M' -font `fc-match -f '%{file[0]}' '%DATE_FONT_NAME'` -pointsize %DATE_FONT_SIZE -fill '#00000044' -annotate 0x0+[%HOFFSET+58]+[%VOFFSET+58] '%A, %B %d' -fill white -annotate 0x0+[%HOFFSET+60]+[%VOFFSET+60] '%A, %B %d''
INFO: 2021-07-14 18:37:02,014: log_options() 'clock_font = Ubuntu Condensed, 70'
INFO: 2021-07-14 18:37:02,014: log_options() 'configfile = /home/niel/.config/variety/variety.conf'
INFO: 2021-07-14 18:37:02,014: log_options() 'copyto_enabled = False'
INFO: 2021-07-14 18:37:02,014: log_options() 'copyto_folder = Default'
INFO: 2021-07-14 18:37:02,014: log_options() 'desired_color = [160, 160, 160]'
INFO: 2021-07-14 18:37:02,014: log_options() 'desired_color_enabled = False'
INFO: 2021-07-14 18:37:02,014: log_options() 'download_folder = /home/niel/.config/variety/Downloaded'
INFO: 2021-07-14 18:37:02,014: log_options() 'download_preference_ratio = 0.9'
INFO: 2021-07-14 18:37:02,014: log_options() 'favorites_folder = /home/niel/.config/variety/Favorites'
INFO: 2021-07-14 18:37:02,015: log_options() 'favorites_operations = [['Downloaded', 'Copy'], ['Fetched', 'Move'], ['Others', 'Copy']]'
INFO: 2021-07-14 18:37:02,015: log_options() 'fetched_folder = /home/niel/.config/variety/Fetched'
INFO: 2021-07-14 18:37:02,015: log_options() 'filters = [[False, 'Keep original', ''], [False, 'Grayscale', '-type Grayscale'], [False, 'Heavy blur', '-blur 120x40'], [False, 'Soft blur', '-blur 20x7'], [False, 'Oil painting', '-paint 8'], [False, 'Pointilism', '-spread 10 -noise 3'], [False, 'Pixellate', '-scale 3% -scale 3333%']]'
INFO: 2021-07-14 18:37:02,015: log_options() 'icon = Light'
INFO: 2021-07-14 18:37:02,015: log_options() 'lightness_enabled = False'
INFO: 2021-07-14 18:37:02,015: log_options() 'lightness_mode = 0'
INFO: 2021-07-14 18:37:02,015: log_options() 'min_rating = 4'
INFO: 2021-07-14 18:37:02,015: log_options() 'min_rating_enabled = False'
INFO: 2021-07-14 18:37:02,015: log_options() 'min_size = 80'
INFO: 2021-07-14 18:37:02,015: log_options() 'min_size_enabled = True'
INFO: 2021-07-14 18:37:02,015: log_options() 'quota_enabled = True'
INFO: 2021-07-14 18:37:02,015: log_options() 'quota_size = 1000'
INFO: 2021-07-14 18:37:02,015: log_options() 'quotes_authors = '
INFO: 2021-07-14 18:37:02,015: log_options() 'quotes_bg_color = [80, 80, 80]'
INFO: 2021-07-14 18:37:02,015: log_options() 'quotes_bg_opacity = 55'
INFO: 2021-07-14 18:37:02,015: log_options() 'quotes_change_enabled = False'
INFO: 2021-07-14 18:37:02,015: log_options() 'quotes_change_interval = 300'
INFO: 2021-07-14 18:37:02,016: log_options() 'quotes_disabled_sources = ['Urban Dictionary']'
INFO: 2021-07-14 18:37:02,016: log_options() 'quotes_enabled = False'
INFO: 2021-07-14 18:37:02,016: log_options() 'quotes_favorites_file = /home/niel/.config/variety/favorite_quotes.txt'
INFO: 2021-07-14 18:37:02,016: log_options() 'quotes_font = Bitstream Charter 30'
INFO: 2021-07-14 18:37:02,016: log_options() 'quotes_hpos = 100'
INFO: 2021-07-14 18:37:02,016: log_options() 'quotes_max_length = 250'
INFO: 2021-07-14 18:37:02,016: log_options() 'quotes_tags = '
INFO: 2021-07-14 18:37:02,016: log_options() 'quotes_text_color = [255, 255, 255]'
INFO: 2021-07-14 18:37:02,016: log_options() 'quotes_text_shadow = False'
INFO: 2021-07-14 18:37:02,016: log_options() 'quotes_vpos = 40'
INFO: 2021-07-14 18:37:02,016: log_options() 'quotes_width = 70'
INFO: 2021-07-14 18:37:02,016: log_options() 'safe_mode = False'
INFO: 2021-07-14 18:37:02,016: log_options() 'slideshow_custom_enabled = False'
INFO: 2021-07-14 18:37:02,016: log_options() 'slideshow_custom_folder = /home/niel/Pictures'
INFO: 2021-07-14 18:37:02,016: log_options() 'slideshow_downloads_enabled = False'
INFO: 2021-07-14 18:37:02,016: log_options() 'slideshow_fade = 0.4'
INFO: 2021-07-14 18:37:02,016: log_options() 'slideshow_favorites_enabled = True'
INFO: 2021-07-14 18:37:02,017: log_options() 'slideshow_mode = Fullscreen'
INFO: 2021-07-14 18:37:02,017: log_options() 'slideshow_monitor = All'
INFO: 2021-07-14 18:37:02,017: log_options() 'slideshow_pan = 0.05'
INFO: 2021-07-14 18:37:02,017: log_options() 'slideshow_seconds = 6.0'
INFO: 2021-07-14 18:37:02,017: log_options() 'slideshow_sort_order = Random'
INFO: 2021-07-14 18:37:02,017: log_options() 'slideshow_sources_enabled = True'
INFO: 2021-07-14 18:37:02,017: log_options() 'slideshow_zoom = 0.2'
INFO: 2021-07-14 18:37:02,017: log_options() 'smart_enabled = False'
INFO: 2021-07-14 18:37:02,017: log_options() 'smart_notice_shown = False'
INFO: 2021-07-14 18:37:02,017: log_options() 'smart_register_shown = False'
INFO: 2021-07-14 18:37:02,017: log_options() 'sources = [[True, 'favorites', 'The Favorites folder'], [False, 'fetched', 'The Fetched folder'], [True, 'folder', '/usr/share/backgrounds'], [False, 'flickr', 'user:www.flickr.com/photos/peter-levi/;user_id:93647178@N00;'], [False, 'apod', "NASA's Astronomy Picture of the Day"], [False, 'bing', 'Bing Photo of the Day'], [False, 'earthview', 'Google Earth View Wallpapers'], [False, 'unsplash', 'High-resolution photos from Unsplash.com'], [True, 'wallhaven', 'minimalism']]'
INFO: 2021-07-14 18:37:02,017: log_options() 'stats_enabled = True'
INFO: 2021-07-14 18:37:02,017: log_options() 'stats_notice_shown = False'
INFO: 2021-07-14 18:37:02,017: log_options() 'sync_enabled = True'
INFO: 2021-07-14 18:37:02,017: log_options() 'use_landscape_enabled = True'
INFO: 2021-07-14 18:37:02,017: clear_prepared_queue() 'Clearing prepared queue'
INFO: 2021-07-14 18:37:02,018: update_indicator() 'Setting file info to: /usr/share/backgrounds/arcolinux/harddisk-5184-3456.jpg'
INFO: 2021-07-14 18:37:02,018: prepare_thread() 'Prepared buffer contains 0 images'
INFO: 2021-07-14 18:37:02,018: prepare_thread() 'Preparing some images'
INFO: 2021-07-14 18:37:02,019: regular_change_thread() 'regular_change: waiting till user resumes'
INFO: 2021-07-14 18:37:02,020: get_throttling() 'Wallhaven.cc: parsing serverside options'
INFO: 2021-07-14 18:37:02,020: get_throttling() 'Wallhaven.cc serverside options: {'min_fill_queue_interval': 1800, 'min_download_interval': 1800}'
INFO: 2021-07-14 18:37:02,020: get_throttling() 'Wallhaven.cc: parsing serverside options'
INFO: 2021-07-14 18:37:02,021: get_throttling() 'Wallhaven.cc serverside options: {'min_fill_queue_interval': 1800, 'min_download_interval': 1800}'
INFO: 2021-07-14 18:37:02,021: download_one() 'Wallhaven.cc: Downloading an image, config: minimalism'
INFO: 2021-07-14 18:37:02,021: download_one() 'Wallhaven.cc: Queue size: 0'
INFO: 2021-07-14 18:37:02,021: get_throttling() 'Wallhaven.cc: parsing serverside options'
INFO: 2021-07-14 18:37:02,021: get_throttling() 'Wallhaven.cc serverside options: {'min_fill_queue_interval': 1800, 'min_download_interval': 1800}'
INFO: 2021-07-14 18:37:02,021: download_one() 'Wallhaven.cc: Filling queue'
INFO: 2021-07-14 18:37:02,022: search() 'Performing wallhaven search: url=https://wallhaven.cc/search?q=minimalism&categories=111&purity=100&sorting=favorites&order=desc'
INFO: 2021-07-14 18:37:02,040: prepare_thread() 'After search prepared buffer contains 2 images'
INFO: 2021-07-14 18:37:02,040: prepare_thread() 'Prepared buffer contains 2 images'
INFO: 2021-07-14 18:37:02,041: prepare_thread() 'Preparing some images'
INFO: 2021-07-14 18:37:02,050: prepare_thread() 'After search prepared buffer contains 2 images'
INFO: 2021-07-14 18:37:02,698: fill_queue() '12672 wallpapers in result, using page 12'
INFO: 2021-07-14 18:37:02,698: search() 'Performing wallhaven search: url=https://wallhaven.cc/search?q=minimalism&categories=111&purity=100&sorting=favorites&order=desc&page=12'
INFO: 2021-07-14 18:37:03,020: download_one() 'Wallhaven.cc: Queue populated with 2 URLs'
INFO: 2021-07-14 18:37:03,020: download_queue_item() 'Wallpaper URL: https://wallhaven.cc/w/mddmxy'
INFO: 2021-07-14 18:37:03,335: download_queue_item() 'Image src URL: https://w.wallhaven.cc/full/md/wallhaven-mddmxy.jpg'
INFO: 2021-07-14 18:37:03,339: save_locally() 'Origin URL: https://wallhaven.cc/w/mddmxy'
INFO: 2021-07-14 18:37:03,339: save_locally() 'Image URL: https://w.wallhaven.cc/full/md/wallhaven-mddmxy.jpg'
INFO: 2021-07-14 18:37:03,339: save_locally() 'Local path: /home/niel/.config/variety/Downloaded/wallhaven_minimalism/wallhaven-mddmxy.jpg'
INFO: 2021-07-14 18:37:03,673: save_locally() 'Download complete'
INFO: 2021-07-14 18:37:03,673: update_indicator() 'Setting file info to: /usr/share/backgrounds/arcolinux/harddisk-5184-3456.jpg'
INFO: 2021-07-14 18:37:03,675: download_one_from() 'Adding downloaded file /home/niel/.config/variety/Downloaded/wallhaven_minimalism/wallhaven-mddmxy.jpg to unseen_downloads'
INFO: 2021-07-14 18:37:04,041: trigger_download() 'Triggering download thread to check if download needed'
INFO: 2021-07-14 18:37:04,050: trigger_download() 'Triggering download thread to check if download needed'
INFO: 2021-07-14 18:37:04,677: get_throttling() 'Wallhaven.cc: parsing serverside options'
INFO: 2021-07-14 18:37:04,677: get_throttling() 'Wallhaven.cc serverside options: {'min_fill_queue_interval': 1800, 'min_download_interval': 1800}'
INFO: 2021-07-14 18:37:04,677: get_throttling() 'Wallhaven.cc: parsing serverside options'
INFO: 2021-07-14 18:37:04,677: get_throttling() 'Wallhaven.cc serverside options: {'min_fill_queue_interval': 1800, 'min_download_interval': 1800}'
INFO: 2021-07-14 18:37:04,677: download_one() 'Wallhaven.cc: Downloading an image, config: minimalism'
INFO: 2021-07-14 18:37:04,677: download_one() 'Wallhaven.cc: Queue size: 1'
INFO: 2021-07-14 18:37:04,677: download_one() 'Wallhaven.cc: Queue populated with 1 URLs'
INFO: 2021-07-14 18:37:04,677: download_queue_item() 'Wallpaper URL: https://wallhaven.cc/w/kwvrq1'
INFO: 2021-07-14 18:37:05,086: download_queue_item() 'Image src URL: https://w.wallhaven.cc/full/kw/wallhaven-kwvrq1.jpg'
INFO: 2021-07-14 18:37:05,088: save_locally() 'Origin URL: https://wallhaven.cc/w/kwvrq1'
INFO: 2021-07-14 18:37:05,088: save_locally() 'Image URL: https://w.wallhaven.cc/full/kw/wallhaven-kwvrq1.jpg'
INFO: 2021-07-14 18:37:05,088: save_locally() 'Local path: /home/niel/.config/variety/Downloaded/wallhaven_minimalism/wallhaven-kwvrq1.jpg'
INFO: 2021-07-14 18:37:05,367: save_locally() 'Download complete'
INFO: 2021-07-14 18:37:05,368: update_indicator() 'Setting file info to: /usr/share/backgrounds/arcolinux/harddisk-5184-3456.jpg'
INFO: 2021-07-14 18:37:05,368: list_files() 'More than 1 files in the folders, stop listing'
INFO: 2021-07-14 18:37:05,369: download_one_from() 'Adding downloaded file /home/niel/.config/variety/Downloaded/wallhaven_minimalism/wallhaven-kwvrq1.jpg to unseen_downloads'
INFO: 2021-07-14 18:37:06,371: get_throttling() 'Wallhaven.cc: parsing serverside options'
INFO: 2021-07-14 18:37:06,371: get_throttling() 'Wallhaven.cc serverside options: {'min_fill_queue_interval': 1800, 'min_download_interval': 1800}'
INFO: 2021-07-14 18:37:06,376: get_throttling() 'Wallhaven.cc: parsing serverside options'
INFO: 2021-07-14 18:37:06,376: get_throttling() 'Wallhaven.cc serverside options: {'min_fill_queue_interval': 1800, 'min_download_interval': 1800}'
INFO: 2021-07-14 18:37:06,376: download_one() 'Wallhaven.cc: Downloading an image, config: minimalism'
INFO: 2021-07-14 18:37:06,376: download_one() 'Wallhaven.cc: Queue size: 0'
INFO: 2021-07-14 18:37:06,376: get_throttling() 'Wallhaven.cc: parsing serverside options'
INFO: 2021-07-14 18:37:06,376: get_throttling() 'Wallhaven.cc serverside options: {'min_fill_queue_interval': 1800, 'min_download_interval': 1800}'
INFO: 2021-07-14 18:37:06,376: download_one() 'Wallhaven.cc: Filling queue'
INFO: 2021-07-14 18:37:06,376: search() 'Performing wallhaven search: url=https://wallhaven.cc/search?q=minimalism&categories=111&purity=100&sorting=favorites&order=desc'
INFO: 2021-07-14 18:37:07,011: fill_queue() '12672 wallpapers in result, using page 5'
INFO: 2021-07-14 18:37:07,011: search() 'Performing wallhaven search: url=https://wallhaven.cc/search?q=minimalism&categories=111&purity=100&sorting=favorites&order=desc&page=5'
INFO: 2021-07-14 18:37:07,415: download_one() 'Wallhaven.cc: Queue populated with 2 URLs'
INFO: 2021-07-14 18:37:07,415: download_queue_item() 'Wallpaper URL: https://wallhaven.cc/w/9mxrew'
INFO: 2021-07-14 18:37:07,928: download_queue_item() 'Image src URL: https://w.wallhaven.cc/full/9m/wallhaven-9mxrew.png'
INFO: 2021-07-14 18:37:07,930: save_locally() 'Origin URL: https://wallhaven.cc/w/9mxrew'
INFO: 2021-07-14 18:37:07,930: save_locally() 'Image URL: https://w.wallhaven.cc/full/9m/wallhaven-9mxrew.png'
INFO: 2021-07-14 18:37:07,930: save_locally() 'Local path: /home/niel/.config/variety/Downloaded/wallhaven_minimalism/wallhaven-9mxrew.png'
INFO: 2021-07-14 18:37:08,162: save_locally() 'Download complete'
INFO: 2021-07-14 18:37:08,162: update_indicator() 'Setting file info to: /usr/share/backgrounds/arcolinux/harddisk-5184-3456.jpg'
INFO: 2021-07-14 18:37:08,162: list_files() 'More than 1 files in the folders, stop listing'
INFO: 2021-07-14 18:37:08,163: download_one_from() 'Adding downloaded file /home/niel/.config/variety/Downloaded/wallhaven_minimalism/wallhaven-9mxrew.png to unseen_downloads'
INFO: 2021-07-14 18:37:08,270: trigger_download() 'Triggering download thread to check if download needed'
INFO: 2021-07-14 18:37:08,270: update_indicator() 'Setting file info to: /usr/share/backgrounds/arcolinux/harddisk-5184-3456.jpg'
INFO: 2021-07-14 18:37:08,271: list_files() 'More than 1 files in the folders, stop listing'
INFO: 2021-07-14 18:37:09,165: get_throttling() 'Wallhaven.cc: parsing serverside options'
INFO: 2021-07-14 18:37:09,165: get_throttling() 'Wallhaven.cc serverside options: {'min_fill_queue_interval': 1800, 'min_download_interval': 1800}'
INFO: 2021-07-14 18:37:09,165: get_throttling() 'Wallhaven.cc: parsing serverside options'
INFO: 2021-07-14 18:37:09,165: get_throttling() 'Wallhaven.cc serverside options: {'min_fill_queue_interval': 1800, 'min_download_interval': 1800}'
INFO: 2021-07-14 18:37:09,165: download_one() 'Wallhaven.cc: Downloading an image, config: minimalism'
INFO: 2021-07-14 18:37:09,165: download_one() 'Wallhaven.cc: Queue size: 1'
INFO: 2021-07-14 18:37:09,165: download_one() 'Wallhaven.cc: Queue populated with 1 URLs'
INFO: 2021-07-14 18:37:09,165: download_queue_item() 'Wallpaper URL: https://wallhaven.cc/w/dgzkdo'
INFO: 2021-07-14 18:37:09,829: download_queue_item() 'Image src URL: https://w.wallhaven.cc/full/dg/wallhaven-dgzkdo.jpg'
INFO: 2021-07-14 18:37:09,831: save_locally() 'Origin URL: https://wallhaven.cc/w/dgzkdo'
INFO: 2021-07-14 18:37:09,831: save_locally() 'Image URL: https://w.wallhaven.cc/full/dg/wallhaven-dgzkdo.jpg'
INFO: 2021-07-14 18:37:09,831: save_locally() 'Local path: /home/niel/.config/variety/Downloaded/wallhaven_minimalism/wallhaven-dgzkdo.jpg'
INFO: 2021-07-14 18:37:11,001: save_locally() 'Download complete'
INFO: 2021-07-14 18:37:11,001: update_indicator() 'Setting file info to: /usr/share/backgrounds/arcolinux/harddisk-5184-3456.jpg'
INFO: 2021-07-14 18:37:11,002: list_files() 'More than 1 files in the folders, stop listing'
INFO: 2021-07-14 18:37:11,002: download_one_from() 'Adding downloaded file /home/niel/.config/variety/Downloaded/wallhaven_minimalism/wallhaven-dgzkdo.jpg to unseen_downloads'
INFO: 2021-07-14 18:37:12,004: get_throttling() 'Wallhaven.cc: parsing serverside options'
INFO: 2021-07-14 18:37:12,005: get_throttling() 'Wallhaven.cc serverside options: {'min_fill_queue_interval': 1800, 'min_download_interval': 1800}'
INFO: 2021-07-14 18:37:12,005: get_throttling() 'Wallhaven.cc: parsing serverside options'
INFO: 2021-07-14 18:37:12,005: get_throttling() 'Wallhaven.cc serverside options: {'min_fill_queue_interval': 1800, 'min_download_interval': 1800}'
INFO: 2021-07-14 18:37:12,005: download_one() 'Wallhaven.cc: Downloading an image, config: minimalism'
INFO: 2021-07-14 18:37:12,005: download_one() 'Wallhaven.cc: Queue size: 0'
INFO: 2021-07-14 18:37:12,005: get_throttling() 'Wallhaven.cc: parsing serverside options'
INFO: 2021-07-14 18:37:12,005: get_throttling() 'Wallhaven.cc serverside options: {'min_fill_queue_interval': 1800, 'min_download_interval': 1800}'
INFO: 2021-07-14 18:37:12,005: download_one() 'Wallhaven.cc: Filling queue'
INFO: 2021-07-14 18:37:12,005: search() 'Performing wallhaven search: url=https://wallhaven.cc/search?q=minimalism&categories=111&purity=100&sorting=favorites&order=desc'
INFO: 2021-07-14 18:37:12,600: fill_queue() '12672 wallpapers in result, using page 5'
INFO: 2021-07-14 18:37:12,600: search() 'Performing wallhaven search: url=https://wallhaven.cc/search?q=minimalism&categories=111&purity=100&sorting=favorites&order=desc&page=5'
INFO: 2021-07-14 18:37:13,086: process_command() 'Received command: ['-n']'
INFO: 2021-07-14 18:37:13,091: set_wallpaper() 'Calling set_wallpaper with /home/niel/.config/variety/Downloaded/wallhaven_minimalism/wallhaven-mddmxy.jpg'
INFO: 2021-07-14 18:37:13,091: prepare_thread() 'Prepared buffer contains 2 images'
INFO: 2021-07-14 18:37:13,092: prepare_thread() 'Preparing some images'
INFO: 2021-07-14 18:37:13,102: prepare_thread() 'After search prepared buffer contains 6 images'
INFO: 2021-07-14 18:37:13,124: download_one() 'Wallhaven.cc: Queue populated with 2 URLs'
INFO: 2021-07-14 18:37:13,124: download_queue_item() 'Wallpaper URL: https://wallhaven.cc/w/dgzkdo'
INFO: 2021-07-14 18:37:13,723: download_queue_item() 'Image src URL: https://w.wallhaven.cc/full/dg/wallhaven-dgzkdo.jpg'
INFO: 2021-07-14 18:37:13,725: save_locally() 'Origin URL: https://wallhaven.cc/w/dgzkdo'
INFO: 2021-07-14 18:37:13,725: save_locally() 'Image URL: https://w.wallhaven.cc/full/dg/wallhaven-dgzkdo.jpg'
INFO: 2021-07-14 18:37:13,725: save_locally() 'Local path: /home/niel/.config/variety/Downloaded/wallhaven_minimalism/wallhaven-dgzkdo.jpg'
INFO: 2021-07-14 18:37:13,725: save_locally() 'File already exists, skip downloading'
INFO: 2021-07-14 18:37:15,093: trigger_download() 'Triggering download thread to check if download needed'
INFO: 2021-07-14 18:37:15,102: trigger_download() 'Triggering download thread to check if download needed'
INFO: 2021-07-14 18:40:15,103: get_throttling() 'Wallhaven.cc: parsing serverside options'
INFO: 2021-07-14 18:40:15,103: get_throttling() 'Wallhaven.cc serverside options: {'min_fill_queue_interval': 1800, 'min_download_interval': 1800}'
INFO: 2021-07-14 18:40:15,103: get_throttling() 'Wallhaven.cc: parsing serverside options'
INFO: 2021-07-14 18:40:15,103: get_throttling() 'Wallhaven.cc serverside options: {'min_fill_queue_interval': 1800, 'min_download_interval': 1800}'
INFO: 2021-07-14 18:40:15,103: download_one() 'Wallhaven.cc: Downloading an image, config: minimalism'
INFO: 2021-07-14 18:40:15,103: download_one() 'Wallhaven.cc: Queue size: 1'
INFO: 2021-07-14 18:40:15,103: download_one() 'Wallhaven.cc: Queue populated with 1 URLs'
INFO: 2021-07-14 18:40:15,103: download_queue_item() 'Wallpaper URL: https://wallhaven.cc/w/9mxrew'
INFO: 2021-07-14 18:40:15,707: download_queue_item() 'Image src URL: https://w.wallhaven.cc/full/9m/wallhaven-9mxrew.png'
INFO: 2021-07-14 18:40:15,710: save_locally() 'Origin URL: https://wallhaven.cc/w/9mxrew'
INFO: 2021-07-14 18:40:15,710: save_locally() 'Image URL: https://w.wallhaven.cc/full/9m/wallhaven-9mxrew.png'
INFO: 2021-07-14 18:40:15,710: save_locally() 'Local path: /home/niel/.config/variety/Downloaded/wallhaven_minimalism/wallhaven-9mxrew.png'
INFO: 2021-07-14 18:40:15,710: save_locally() 'File already exists, skip downloading'
INFO: 2021-07-14 18:43:16,712: get_throttling() 'Wallhaven.cc: parsing serverside options'
INFO: 2021-07-14 18:43:16,712: get_throttling() 'Wallhaven.cc serverside options: {'min_fill_queue_interval': 1800, 'min_download_interval': 1800}'
INFO: 2021-07-14 18:43:16,712: get_throttling() 'Wallhaven.cc: parsing serverside options'
INFO: 2021-07-14 18:43:16,712: get_throttling() 'Wallhaven.cc serverside options: {'min_fill_queue_interval': 1800, 'min_download_interval': 1800}'
INFO: 2021-07-14 18:43:16,712: download_one() 'Wallhaven.cc: Downloading an image, config: minimalism'
INFO: 2021-07-14 18:43:16,712: download_one() 'Wallhaven.cc: Queue size: 0'
INFO: 2021-07-14 18:43:16,713: get_throttling() 'Wallhaven.cc: parsing serverside options'
INFO: 2021-07-14 18:43:16,713: get_throttling() 'Wallhaven.cc serverside options: {'min_fill_queue_interval': 1800, 'min_download_interval': 1800}'
INFO: 2021-07-14 18:43:16,713: download_one() 'Wallhaven.cc: Filling queue'
INFO: 2021-07-14 18:43:16,713: search() 'Performing wallhaven search: url=https://wallhaven.cc/search?q=minimalism&categories=111&purity=100&sorting=favorites&order=desc'
INFO: 2021-07-14 18:43:17,380: fill_queue() '12672 wallpapers in result, using page 5'
INFO: 2021-07-14 18:43:17,380: search() 'Performing wallhaven search: url=https://wallhaven.cc/search?q=minimalism&categories=111&purity=100&sorting=favorites&order=desc&page=5'
INFO: 2021-07-14 18:43:17,960: download_one() 'Wallhaven.cc: Queue populated with 2 URLs'
INFO: 2021-07-14 18:43:17,960: download_queue_item() 'Wallpaper URL: https://wallhaven.cc/w/dgzkdo'
INFO: 2021-07-14 18:43:18,502: download_queue_item() 'Image src URL: https://w.wallhaven.cc/full/dg/wallhaven-dgzkdo.jpg'
INFO: 2021-07-14 18:43:18,506: save_locally() 'Origin URL: https://wallhaven.cc/w/dgzkdo'
INFO: 2021-07-14 18:43:18,506: save_locally() 'Image URL: https://w.wallhaven.cc/full/dg/wallhaven-dgzkdo.jpg'
INFO: 2021-07-14 18:43:18,506: save_locally() 'Local path: /home/niel/.config/variety/Downloaded/wallhaven_minimalism/wallhaven-dgzkdo.jpg'
INFO: 2021-07-14 18:43:18,506: save_locally() 'File already exists, skip downloading'
INFO: 2021-07-14 18:46:19,507: get_throttling() 'Wallhaven.cc: parsing serverside options'
INFO: 2021-07-14 18:46:19,508: get_throttling() 'Wallhaven.cc serverside options: {'min_fill_queue_interval': 1800, 'min_download_interval': 1800}'
INFO: 2021-07-14 18:46:19,508: get_throttling() 'Wallhaven.cc: parsing serverside options'
INFO: 2021-07-14 18:46:19,508: get_throttling() 'Wallhaven.cc serverside options: {'min_fill_queue_interval': 1800, 'min_download_interval': 1800}'
INFO: 2021-07-14 18:46:19,508: download_one() 'Wallhaven.cc: Downloading an image, config: minimalism'
INFO: 2021-07-14 18:46:19,508: download_one() 'Wallhaven.cc: Queue size: 1'
INFO: 2021-07-14 18:46:19,508: download_one() 'Wallhaven.cc: Queue populated with 1 URLs'
INFO: 2021-07-14 18:46:19,508: download_queue_item() 'Wallpaper URL: https://wallhaven.cc/w/9mxrew'
INFO: 2021-07-14 18:46:20,309: download_queue_item() 'Image src URL: https://w.wallhaven.cc/full/9m/wallhaven-9mxrew.png'
INFO: 2021-07-14 18:46:20,313: save_locally() 'Origin URL: https://wallhaven.cc/w/9mxrew'
INFO: 2021-07-14 18:46:20,313: save_locally() 'Image URL: https://w.wallhaven.cc/full/9m/wallhaven-9mxrew.png'
INFO: 2021-07-14 18:46:20,314: save_locally() 'Local path: /home/niel/.config/variety/Downloaded/wallhaven_minimalism/wallhaven-9mxrew.png'
INFO: 2021-07-14 18:46:20,314: save_locally() 'File already exists, skip downloading'
INFO: 2021-07-14 18:49:21,316: get_throttling() 'Wallhaven.cc: parsing serverside options'
INFO: 2021-07-14 18:49:21,316: get_throttling() 'Wallhaven.cc serverside options: {'min_fill_queue_interval': 1800, 'min_download_interval': 1800}'
INFO: 2021-07-14 18:49:21,316: get_throttling() 'Wallhaven.cc: parsing serverside options'
INFO: 2021-07-14 18:49:21,316: get_throttling() 'Wallhaven.cc serverside options: {'min_fill_queue_interval': 1800, 'min_download_interval': 1800}'
INFO: 2021-07-14 18:49:21,316: download_one() 'Wallhaven.cc: Downloading an image, config: minimalism'
INFO: 2021-07-14 18:49:21,316: download_one() 'Wallhaven.cc: Queue size: 0'
INFO: 2021-07-14 18:49:21,316: get_throttling() 'Wallhaven.cc: parsing serverside options'
INFO: 2021-07-14 18:49:21,316: get_throttling() 'Wallhaven.cc serverside options: {'min_fill_queue_interval': 1800, 'min_download_interval': 1800}'
INFO: 2021-07-14 18:49:21,317: download_one() 'Wallhaven.cc: Filling queue'
INFO: 2021-07-14 18:49:21,317: search() 'Performing wallhaven search: url=https://wallhaven.cc/search?q=minimalism&categories=111&purity=100&sorting=favorites&order=desc'
INFO: 2021-07-14 18:49:21,711: fill_queue() '12672 wallpapers in result, using page 6'
INFO: 2021-07-14 18:49:21,712: search() 'Performing wallhaven search: url=https://wallhaven.cc/search?q=minimalism&categories=111&purity=100&sorting=favorites&order=desc&page=6'
INFO: 2021-07-14 18:49:22,009: download_one() 'Wallhaven.cc: Queue populated with 1 URLs'
INFO: 2021-07-14 18:49:22,009: download_queue_item() 'Wallpaper URL: https://wallhaven.cc/w/l3ymrr'
INFO: 2021-07-14 18:49:22,284: download_queue_item() 'Image src URL: https://w.wallhaven.cc/full/l3/wallhaven-l3ymrr.jpg'
INFO: 2021-07-14 18:49:22,288: save_locally() 'Origin URL: https://wallhaven.cc/w/l3ymrr'
INFO: 2021-07-14 18:49:22,288: save_locally() 'Image URL: https://w.wallhaven.cc/full/l3/wallhaven-l3ymrr.jpg'
INFO: 2021-07-14 18:49:22,288: save_locally() 'Local path: /home/niel/.config/variety/Downloaded/wallhaven_minimalism/wallhaven-l3ymrr.jpg'
INFO: 2021-07-14 18:49:23,289: save_locally() 'Download complete'
INFO: 2021-07-14 18:49:23,289: update_indicator() 'Setting file info to: /usr/share/backgrounds/arcolinux/harddisk-5184-3456.jpg'
INFO: 2021-07-14 18:49:23,290: list_files() 'More than 1 files in the folders, stop listing'
INFO: 2021-07-14 18:49:23,290: download_one_from() 'Adding downloaded file /home/niel/.config/variety/Downloaded/wallhaven_minimalism/wallhaven-l3ymrr.jpg to unseen_downloads'
INFO: 2021-07-14 18:49:24,293: get_throttling() 'Wallhaven.cc: parsing serverside options'
INFO: 2021-07-14 18:49:24,293: get_throttling() 'Wallhaven.cc serverside options: {'min_fill_queue_interval': 1800, 'min_download_interval': 1800}'
INFO: 2021-07-14 18:49:24,293: get_throttling() 'Wallhaven.cc: parsing serverside options'
INFO: 2021-07-14 18:49:24,293: get_throttling() 'Wallhaven.cc serverside options: {'min_fill_queue_interval': 1800, 'min_download_interval': 1800}'
INFO: 2021-07-14 18:49:24,293: download_one() 'Wallhaven.cc: Downloading an image, config: minimalism'
INFO: 2021-07-14 18:49:24,293: download_one() 'Wallhaven.cc: Queue size: 0'
INFO: 2021-07-14 18:49:24,293: get_throttling() 'Wallhaven.cc: parsing serverside options'
INFO: 2021-07-14 18:49:24,293: get_throttling() 'Wallhaven.cc serverside options: {'min_fill_queue_interval': 1800, 'min_download_interval': 1800}'
INFO: 2021-07-14 18:49:24,293: download_one() 'Wallhaven.cc: Filling queue'
INFO: 2021-07-14 18:49:24,293: search() 'Performing wallhaven search: url=https://wallhaven.cc/search?q=minimalism&categories=111&purity=100&sorting=favorites&order=desc'
INFO: 2021-07-14 18:49:25,112: fill_queue() '12672 wallpapers in result, using page 5'
INFO: 2021-07-14 18:49:25,112: search() 'Performing wallhaven search: url=https://wallhaven.cc/search?q=minimalism&categories=111&purity=100&sorting=favorites&order=desc&page=5'
INFO: 2021-07-14 18:49:25,474: download_one() 'Wallhaven.cc: Queue populated with 2 URLs'
INFO: 2021-07-14 18:49:25,474: download_queue_item() 'Wallpaper URL: https://wallhaven.cc/w/dgzkdo'
INFO: 2021-07-14 18:49:25,780: download_queue_item() 'Image src URL: https://w.wallhaven.cc/full/dg/wallhaven-dgzkdo.jpg'
INFO: 2021-07-14 18:49:25,784: save_locally() 'Origin URL: https://wallhaven.cc/w/dgzkdo'
INFO: 2021-07-14 18:49:25,784: save_locally() 'Image URL: https://w.wallhaven.cc/full/dg/wallhaven-dgzkdo.jpg'
INFO: 2021-07-14 18:49:25,784: save_locally() 'Local path: /home/niel/.config/variety/Downloaded/wallhaven_minimalism/wallhaven-dgzkdo.jpg'
INFO: 2021-07-14 18:49:25,784: save_locally() 'File already exists, skip downloading'
INFO: 2021-07-14 18:52:26,786: get_throttling() 'Wallhaven.cc: parsing serverside options'
INFO: 2021-07-14 18:52:26,786: get_throttling() 'Wallhaven.cc serverside options: {'min_fill_queue_interval': 1800, 'min_download_interval': 1800}'
INFO: 2021-07-14 18:52:26,786: get_throttling() 'Wallhaven.cc: parsing serverside options'
INFO: 2021-07-14 18:52:26,787: get_throttling() 'Wallhaven.cc serverside options: {'min_fill_queue_interval': 1800, 'min_download_interval': 1800}'
INFO: 2021-07-14 18:52:26,787: download_one() 'Wallhaven.cc: Downloading an image, config: minimalism'
INFO: 2021-07-14 18:52:26,787: download_one() 'Wallhaven.cc: Queue size: 1'
INFO: 2021-07-14 18:52:26,787: download_one() 'Wallhaven.cc: Queue populated with 1 URLs'
INFO: 2021-07-14 18:52:26,787: download_queue_item() 'Wallpaper URL: https://wallhaven.cc/w/9mxrew'
INFO: 2021-07-14 18:52:27,184: download_queue_item() 'Image src URL: https://w.wallhaven.cc/full/9m/wallhaven-9mxrew.png'
INFO: 2021-07-14 18:52:27,188: save_locally() 'Origin URL: https://wallhaven.cc/w/9mxrew'
INFO: 2021-07-14 18:52:27,189: save_locally() 'Image URL: https://w.wallhaven.cc/full/9m/wallhaven-9mxrew.png'
INFO: 2021-07-14 18:52:27,189: save_locally() 'Local path: /home/niel/.config/variety/Downloaded/wallhaven_minimalism/wallhaven-9mxrew.png'
INFO: 2021-07-14 18:52:27,189: save_locally() 'File already exists, skip downloading'
INFO: 2021-07-14 18:55:28,190: get_throttling() 'Wallhaven.cc: parsing serverside options'
INFO: 2021-07-14 18:55:28,191: get_throttling() 'Wallhaven.cc serverside options: {'min_fill_queue_interval': 1800, 'min_download_interval': 1800}'
INFO: 2021-07-14 18:55:28,191: get_throttling() 'Wallhaven.cc: parsing serverside options'
INFO: 2021-07-14 18:55:28,191: get_throttling() 'Wallhaven.cc serverside options: {'min_fill_queue_interval': 1800, 'min_download_interval': 1800}'
INFO: 2021-07-14 18:55:28,191: download_one() 'Wallhaven.cc: Downloading an image, config: minimalism'
INFO: 2021-07-14 18:55:28,191: download_one() 'Wallhaven.cc: Queue size: 0'
INFO: 2021-07-14 18:55:28,191: get_throttling() 'Wallhaven.cc: parsing serverside options'
INFO: 2021-07-14 18:55:28,191: get_throttling() 'Wallhaven.cc serverside options: {'min_fill_queue_interval': 1800, 'min_download_interval': 1800}'
INFO: 2021-07-14 18:55:28,191: download_one() 'Wallhaven.cc: Filling queue'
INFO: 2021-07-14 18:55:28,191: search() 'Performing wallhaven search: url=https://wallhaven.cc/search?q=minimalism&categories=111&purity=100&sorting=favorites&order=desc'
INFO: 2021-07-14 18:55:28,596: fill_queue() '12672 wallpapers in result, using page 9'
INFO: 2021-07-14 18:55:28,596: search() 'Performing wallhaven search: url=https://wallhaven.cc/search?q=minimalism&categories=111&purity=100&sorting=favorites&order=desc&page=9'
INFO: 2021-07-14 18:55:29,363: download_one() 'Wallhaven.cc: Queue populated with 1 URLs'
INFO: 2021-07-14 18:55:29,363: download_queue_item() 'Wallpaper URL: https://wallhaven.cc/w/xly65o'
INFO: 2021-07-14 18:55:29,751: download_queue_item() 'Image src URL: https://w.wallhaven.cc/full/xl/wallhaven-xly65o.png'
INFO: 2021-07-14 18:55:29,755: save_locally() 'Origin URL: https://wallhaven.cc/w/xly65o'
INFO: 2021-07-14 18:55:29,756: save_locally() 'Image URL: https://w.wallhaven.cc/full/xl/wallhaven-xly65o.png'
INFO: 2021-07-14 18:55:29,756: save_locally() 'Local path: /home/niel/.config/variety/Downloaded/wallhaven_minimalism/wallhaven-xly65o.png'
INFO: 2021-07-14 18:55:30,703: save_locally() 'Download complete'
INFO: 2021-07-14 18:55:30,704: update_indicator() 'Setting file info to: /usr/share/backgrounds/arcolinux/harddisk-5184-3456.jpg'
INFO: 2021-07-14 18:55:30,704: list_files() 'More than 1 files in the folders, stop listing'
INFO: 2021-07-14 18:55:30,705: download_one_from() 'Adding downloaded file /home/niel/.config/variety/Downloaded/wallhaven_minimalism/wallhaven-xly65o.png to unseen_downloads'
INFO: 2021-07-14 18:55:31,707: get_throttling() 'Wallhaven.cc: parsing serverside options'
INFO: 2021-07-14 18:55:31,707: get_throttling() 'Wallhaven.cc serverside options: {'min_fill_queue_interval': 1800, 'min_download_interval': 1800}'
INFO: 2021-07-14 18:55:31,707: get_throttling() 'Wallhaven.cc: parsing serverside options'
INFO: 2021-07-14 18:55:31,707: get_throttling() 'Wallhaven.cc serverside options: {'min_fill_queue_interval': 1800, 'min_download_interval': 1800}'
INFO: 2021-07-14 18:55:31,707: download_one() 'Wallhaven.cc: Downloading an image, config: minimalism'
INFO: 2021-07-14 18:55:31,708: download_one() 'Wallhaven.cc: Queue size: 0'
INFO: 2021-07-14 18:55:31,708: get_throttling() 'Wallhaven.cc: parsing serverside options'
INFO: 2021-07-14 18:55:31,708: get_throttling() 'Wallhaven.cc serverside options: {'min_fill_queue_interval': 1800, 'min_download_interval': 1800}'
INFO: 2021-07-14 18:55:31,708: download_one() 'Wallhaven.cc: Filling queue'
INFO: 2021-07-14 18:55:31,708: search() 'Performing wallhaven search: url=https://wallhaven.cc/search?q=minimalism&categories=111&purity=100&sorting=favorites&order=desc'
INFO: 2021-07-14 18:55:32,058: fill_queue() '12672 wallpapers in result, using page 9'
INFO: 2021-07-14 18:55:32,058: search() 'Performing wallhaven search: url=https://wallhaven.cc/search?q=minimalism&categories=111&purity=100&sorting=favorites&order=desc&page=9'
INFO: 2021-07-14 18:55:32,741: download_one() 'Wallhaven.cc: Queue populated with 1 URLs'
INFO: 2021-07-14 18:55:32,741: download_queue_item() 'Wallpaper URL: https://wallhaven.cc/w/xly65o'
INFO: 2021-07-14 18:55:33,304: download_queue_item() 'Image src URL: https://w.wallhaven.cc/full/xl/wallhaven-xly65o.png'
INFO: 2021-07-14 18:55:33,308: save_locally() 'Origin URL: https://wallhaven.cc/w/xly65o'
INFO: 2021-07-14 18:55:33,308: save_locally() 'Image URL: https://w.wallhaven.cc/full/xl/wallhaven-xly65o.png'
INFO: 2021-07-14 18:55:33,309: save_locally() 'Local path: /home/niel/.config/variety/Downloaded/wallhaven_minimalism/wallhaven-xly65o.png'
INFO: 2021-07-14 18:55:33,309: save_locally() 'File already exists, skip downloading'
INFO: 2021-07-14 18:58:34,310: get_throttling() 'Wallhaven.cc: parsing serverside options'
INFO: 2021-07-14 18:58:34,310: get_throttling() 'Wallhaven.cc serverside options: {'min_fill_queue_interval': 1800, 'min_download_interval': 1800}'
INFO: 2021-07-14 18:58:34,311: get_throttling() 'Wallhaven.cc: parsing serverside options'
INFO: 2021-07-14 18:58:34,311: get_throttling() 'Wallhaven.cc serverside options: {'min_fill_queue_interval': 1800, 'min_download_interval': 1800}'
INFO: 2021-07-14 18:58:34,311: download_one() 'Wallhaven.cc: Downloading an image, config: minimalism'
INFO: 2021-07-14 18:58:34,311: download_one() 'Wallhaven.cc: Queue size: 0'
INFO: 2021-07-14 18:58:34,311: get_throttling() 'Wallhaven.cc: parsing serverside options'
INFO: 2021-07-14 18:58:34,311: get_throttling() 'Wallhaven.cc serverside options: {'min_fill_queue_interval': 1800, 'min_download_interval': 1800}'
INFO: 2021-07-14 18:58:34,311: download_one() 'Wallhaven.cc: Filling queue'
INFO: 2021-07-14 18:58:34,311: search() 'Performing wallhaven search: url=https://wallhaven.cc/search?q=minimalism&categories=111&purity=100&sorting=favorites&order=desc'
INFO: 2021-07-14 18:58:34,734: fill_queue() '12672 wallpapers in result, using page 8'
INFO: 2021-07-14 18:58:34,735: search() 'Performing wallhaven search: url=https://wallhaven.cc/search?q=minimalism&categories=111&purity=100&sorting=favorites&order=desc&page=8'
INFO: 2021-07-14 18:58:35,052: download_one() 'Wallhaven.cc: Queue populated with 2 URLs'
INFO: 2021-07-14 18:58:35,052: download_queue_item() 'Wallpaper URL: https://wallhaven.cc/w/k78j37'
INFO: 2021-07-14 18:58:35,408: download_queue_item() 'Image src URL: https://w.wallhaven.cc/full/k7/wallhaven-k78j37.jpg'
INFO: 2021-07-14 18:58:35,412: save_locally() 'Origin URL: https://wallhaven.cc/w/k78j37'
INFO: 2021-07-14 18:58:35,412: save_locally() 'Image URL: https://w.wallhaven.cc/full/k7/wallhaven-k78j37.jpg'
INFO: 2021-07-14 18:58:35,412: save_locally() 'Local path: /home/niel/.config/variety/Downloaded/wallhaven_minimalism/wallhaven-k78j37.jpg'
INFO: 2021-07-14 18:58:35,734: save_locally() 'Download complete'
INFO: 2021-07-14 18:58:35,734: update_indicator() 'Setting file info to: /usr/share/backgrounds/arcolinux/harddisk-5184-3456.jpg'
INFO: 2021-07-14 18:58:35,734: list_files() 'More than 1 files in the folders, stop listing'
INFO: 2021-07-14 18:58:35,735: download_one_from() 'Adding downloaded file /home/niel/.config/variety/Downloaded/wallhaven_minimalism/wallhaven-k78j37.jpg to unseen_downloads'
INFO: 2021-07-14 18:58:36,736: get_throttling() 'Wallhaven.cc: parsing serverside options'
INFO: 2021-07-14 18:58:36,736: get_throttling() 'Wallhaven.cc serverside options: {'min_fill_queue_interval': 1800, 'min_download_interval': 1800}'
INFO: 2021-07-14 18:58:36,736: get_throttling() 'Wallhaven.cc: parsing serverside options'
INFO: 2021-07-14 18:58:36,736: get_throttling() 'Wallhaven.cc serverside options: {'min_fill_queue_interval': 1800, 'min_download_interval': 1800}'
INFO: 2021-07-14 18:58:36,737: download_one() 'Wallhaven.cc: Downloading an image, config: minimalism'
INFO: 2021-07-14 18:58:36,737: download_one() 'Wallhaven.cc: Queue size: 1'
INFO: 2021-07-14 18:58:36,737: download_one() 'Wallhaven.cc: Queue populated with 1 URLs'
INFO: 2021-07-14 18:58:36,737: download_queue_item() 'Wallpaper URL: https://wallhaven.cc/w/xl81do'
INFO: 2021-07-14 18:58:37,097: download_queue_item() 'Image src URL: https://w.wallhaven.cc/full/xl/wallhaven-xl81do.png'
INFO: 2021-07-14 18:58:37,101: save_locally() 'Origin URL: https://wallhaven.cc/w/xl81do'
INFO: 2021-07-14 18:58:37,101: save_locally() 'Image URL: https://w.wallhaven.cc/full/xl/wallhaven-xl81do.png'
INFO: 2021-07-14 18:58:37,101: save_locally() 'Local path: /home/niel/.config/variety/Downloaded/wallhaven_minimalism/wallhaven-xl81do.png'
INFO: 2021-07-14 18:58:37,432: save_locally() 'Download complete'
INFO: 2021-07-14 18:58:37,432: update_indicator() 'Setting file info to: /usr/share/backgrounds/arcolinux/harddisk-5184-3456.jpg'
INFO: 2021-07-14 18:58:37,433: list_files() 'More than 1 files in the folders, stop listing'
INFO: 2021-07-14 18:58:37,434: download_one_from() 'Adding downloaded file /home/niel/.config/variety/Downloaded/wallhaven_minimalism/wallhaven-xl81do.png to unseen_downloads'
INFO: 2021-07-14 18:58:38,436: get_throttling() 'Wallhaven.cc: parsing serverside options'
INFO: 2021-07-14 18:58:38,436: get_throttling() 'Wallhaven.cc serverside options: {'min_fill_queue_interval': 1800, 'min_download_interval': 1800}'
INFO: 2021-07-14 18:58:38,436: get_throttling() 'Wallhaven.cc: parsing serverside options'
INFO: 2021-07-14 18:58:38,436: get_throttling() 'Wallhaven.cc serverside options: {'min_fill_queue_interval': 1800, 'min_download_interval': 1800}'
INFO: 2021-07-14 18:58:38,436: download_one() 'Wallhaven.cc: Downloading an image, config: minimalism'
INFO: 2021-07-14 18:58:38,437: download_one() 'Wallhaven.cc: Queue size: 0'
INFO: 2021-07-14 18:58:38,437: get_throttling() 'Wallhaven.cc: parsing serverside options'
INFO: 2021-07-14 18:58:38,437: get_throttling() 'Wallhaven.cc serverside options: {'min_fill_queue_interval': 1800, 'min_download_interval': 1800}'
INFO: 2021-07-14 18:58:38,437: download_one() 'Wallhaven.cc: Filling queue'
INFO: 2021-07-14 18:58:38,437: search() 'Performing wallhaven search: url=https://wallhaven.cc/search?q=minimalism&categories=111&purity=100&sorting=favorites&order=desc'
INFO: 2021-07-14 18:58:38,809: fill_queue() '12672 wallpapers in result, using page 5'
INFO: 2021-07-14 18:58:38,809: search() 'Performing wallhaven search: url=https://wallhaven.cc/search?q=minimalism&categories=111&purity=100&sorting=favorites&order=desc&page=5'
INFO: 2021-07-14 18:58:39,427: download_one() 'Wallhaven.cc: Queue populated with 2 URLs'
INFO: 2021-07-14 18:58:39,427: download_queue_item() 'Wallpaper URL: https://wallhaven.cc/w/dgzkdo'
INFO: 2021-07-14 18:58:39,781: download_queue_item() 'Image src URL: https://w.wallhaven.cc/full/dg/wallhaven-dgzkdo.jpg'
INFO: 2021-07-14 18:58:39,783: save_locally() 'Origin URL: https://wallhaven.cc/w/dgzkdo'
INFO: 2021-07-14 18:58:39,783: save_locally() 'Image URL: https://w.wallhaven.cc/full/dg/wallhaven-dgzkdo.jpg'
INFO: 2021-07-14 18:58:39,783: save_locally() 'Local path: /home/niel/.config/variety/Downloaded/wallhaven_minimalism/wallhaven-dgzkdo.jpg'
INFO: 2021-07-14 18:58:39,783: save_locally() 'File already exists, skip downloading'
INFO: 2021-07-14 19:01:40,784: get_throttling() 'Wallhaven.cc: parsing serverside options'
INFO: 2021-07-14 19:01:40,784: get_throttling() 'Wallhaven.cc serverside options: {'min_fill_queue_interval': 1800, 'min_download_interval': 1800}'
INFO: 2021-07-14 19:01:40,784: get_throttling() 'Wallhaven.cc: parsing serverside options'
INFO: 2021-07-14 19:01:40,784: get_throttling() 'Wallhaven.cc serverside options: {'min_fill_queue_interval': 1800, 'min_download_interval': 1800}'
INFO: 2021-07-14 19:01:40,785: download_one() 'Wallhaven.cc: Downloading an image, config: minimalism'
INFO: 2021-07-14 19:01:40,785: download_one() 'Wallhaven.cc: Queue size: 1'
INFO: 2021-07-14 19:01:40,785: download_one() 'Wallhaven.cc: Queue populated with 1 URLs'
INFO: 2021-07-14 19:01:40,785: download_queue_item() 'Wallpaper URL: https://wallhaven.cc/w/9mxrew'
INFO: 2021-07-14 19:01:41,131: download_queue_item() 'Image src URL: https://w.wallhaven.cc/full/9m/wallhaven-9mxrew.png'
INFO: 2021-07-14 19:01:41,133: save_locally() 'Origin URL: https://wallhaven.cc/w/9mxrew'
INFO: 2021-07-14 19:01:41,133: save_locally() 'Image URL: https://w.wallhaven.cc/full/9m/wallhaven-9mxrew.png'
INFO: 2021-07-14 19:01:41,133: save_locally() 'Local path: /home/niel/.config/variety/Downloaded/wallhaven_minimalism/wallhaven-9mxrew.png'
INFO: 2021-07-14 19:01:41,133: save_locally() 'File already exists, skip downloading'
INFO: 2021-07-14 19:04:42,134: get_throttling() 'Wallhaven.cc: parsing serverside options'
INFO: 2021-07-14 19:04:42,134: get_throttling() 'Wallhaven.cc serverside options: {'min_fill_queue_interval': 1800, 'min_download_interval': 1800}'
INFO: 2021-07-14 19:04:42,135: get_throttling() 'Wallhaven.cc: parsing serverside options'
INFO: 2021-07-14 19:04:42,135: get_throttling() 'Wallhaven.cc serverside options: {'min_fill_queue_interval': 1800, 'min_download_interval': 1800}'
INFO: 2021-07-14 19:04:42,135: download_one() 'Wallhaven.cc: Downloading an image, config: minimalism'
INFO: 2021-07-14 19:04:42,135: download_one() 'Wallhaven.cc: Queue size: 0'
INFO: 2021-07-14 19:04:42,135: get_throttling() 'Wallhaven.cc: parsing serverside options'
INFO: 2021-07-14 19:04:42,135: get_throttling() 'Wallhaven.cc serverside options: {'min_fill_queue_interval': 1800, 'min_download_interval': 1800}'
INFO: 2021-07-14 19:04:42,135: download_one() 'Wallhaven.cc: Filling queue'
INFO: 2021-07-14 19:04:42,135: search() 'Performing wallhaven search: url=https://wallhaven.cc/search?q=minimalism&categories=111&purity=100&sorting=favorites&order=desc'
INFO: 2021-07-14 19:04:42,847: fill_queue() '12672 wallpapers in result, using page 4'
INFO: 2021-07-14 19:04:42,847: search() 'Performing wallhaven search: url=https://wallhaven.cc/search?q=minimalism&categories=111&purity=100&sorting=favorites&order=desc&page=4'
INFO: 2021-07-14 19:04:43,275: download_one() 'Wallhaven.cc: Queue populated with 1 URLs'
INFO: 2021-07-14 19:04:43,276: download_queue_item() 'Wallpaper URL: https://wallhaven.cc/w/vm8r9m'
INFO: 2021-07-14 19:04:43,829: download_queue_item() 'Image src URL: https://w.wallhaven.cc/full/vm/wallhaven-vm8r9m.jpg'
INFO: 2021-07-14 19:04:43,834: save_locally() 'Origin URL: https://wallhaven.cc/w/vm8r9m'
INFO: 2021-07-14 19:04:43,834: save_locally() 'Image URL: https://w.wallhaven.cc/full/vm/wallhaven-vm8r9m.jpg'
INFO: 2021-07-14 19:04:43,834: save_locally() 'Local path: /home/niel/.config/variety/Downloaded/wallhaven_minimalism/wallhaven-vm8r9m.jpg'
INFO: 2021-07-14 19:04:44,092: save_locally() 'Download complete'
INFO: 2021-07-14 19:04:44,092: update_indicator() 'Setting file info to: /usr/share/backgrounds/arcolinux/harddisk-5184-3456.jpg'
INFO: 2021-07-14 19:04:44,093: list_files() 'More than 1 files in the folders, stop listing'
INFO: 2021-07-14 19:04:44,093: download_one_from() 'Adding downloaded file /home/niel/.config/variety/Downloaded/wallhaven_minimalism/wallhaven-vm8r9m.jpg to unseen_downloads'
INFO: 2021-07-14 19:04:45,094: get_throttling() 'Wallhaven.cc: parsing serverside options'
INFO: 2021-07-14 19:04:45,094: get_throttling() 'Wallhaven.cc serverside options: {'min_fill_queue_interval': 1800, 'min_download_interval': 1800}'
INFO: 2021-07-14 19:04:45,094: get_throttling() 'Wallhaven.cc: parsing serverside options'
INFO: 2021-07-14 19:04:45,094: get_throttling() 'Wallhaven.cc serverside options: {'min_fill_queue_interval': 1800, 'min_download_interval': 1800}'
INFO: 2021-07-14 19:04:45,094: download_one() 'Wallhaven.cc: Downloading an image, config: minimalism'
INFO: 2021-07-14 19:04:45,094: download_one() 'Wallhaven.cc: Queue size: 0'
INFO: 2021-07-14 19:04:45,094: get_throttling() 'Wallhaven.cc: parsing serverside options'
INFO: 2021-07-14 19:04:45,094: get_throttling() 'Wallhaven.cc serverside options: {'min_fill_queue_interval': 1800, 'min_download_interval': 1800}'
INFO: 2021-07-14 19:04:45,094: download_one() 'Wallhaven.cc: Filling queue'
INFO: 2021-07-14 19:04:45,094: search() 'Performing wallhaven search: url=https://wallhaven.cc/search?q=minimalism&categories=111&purity=100&sorting=favorites&order=desc'
INFO: 2021-07-14 19:04:45,758: fill_queue() '12672 wallpapers in result, using page 7'
INFO: 2021-07-14 19:04:45,758: search() 'Performing wallhaven search: url=https://wallhaven.cc/search?q=minimalism&categories=111&purity=100&sorting=favorites&order=desc&page=7'
INFO: 2021-07-14 19:04:46,145: download_one() 'Wallhaven.cc: Queue populated with 2 URLs'
INFO: 2021-07-14 19:04:46,146: download_queue_item() 'Wallpaper URL: https://wallhaven.cc/w/wyw7d7'
INFO: 2021-07-14 19:04:46,485: download_queue_item() 'Image src URL: https://w.wallhaven.cc/full/wy/wallhaven-wyw7d7.png'
INFO: 2021-07-14 19:04:46,487: save_locally() 'Origin URL: https://wallhaven.cc/w/wyw7d7'
INFO: 2021-07-14 19:04:46,487: save_locally() 'Image URL: https://w.wallhaven.cc/full/wy/wallhaven-wyw7d7.png'
INFO: 2021-07-14 19:04:46,487: save_locally() 'Local path: /home/niel/.config/variety/Downloaded/wallhaven_minimalism/wallhaven-wyw7d7.png'
INFO: 2021-07-14 19:04:50,522: save_locally() 'Download complete'
INFO: 2021-07-14 19:04:50,522: update_indicator() 'Setting file info to: /usr/share/backgrounds/arcolinux/harddisk-5184-3456.jpg'
INFO: 2021-07-14 19:04:50,523: list_files() 'More than 1 files in the folders, stop listing'
INFO: 2021-07-14 19:04:50,523: download_one_from() 'Adding downloaded file /home/niel/.config/variety/Downloaded/wallhaven_minimalism/wallhaven-wyw7d7.png to unseen_downloads'
INFO: 2021-07-14 19:04:51,525: get_throttling() 'Wallhaven.cc: parsing serverside options'
INFO: 2021-07-14 19:04:51,525: get_throttling() 'Wallhaven.cc serverside options: {'min_fill_queue_interval': 1800, 'min_download_interval': 1800}'
INFO: 2021-07-14 19:04:51,525: get_throttling() 'Wallhaven.cc: parsing serverside options'
INFO: 2021-07-14 19:04:51,525: get_throttling() 'Wallhaven.cc serverside options: {'min_fill_queue_interval': 1800, 'min_download_interval': 1800}'
INFO: 2021-07-14 19:04:51,525: download_one() 'Wallhaven.cc: Downloading an image, config: minimalism'
INFO: 2021-07-14 19:04:51,525: download_one() 'Wallhaven.cc: Queue size: 1'
INFO: 2021-07-14 19:04:51,525: download_one() 'Wallhaven.cc: Queue populated with 1 URLs'
INFO: 2021-07-14 19:04:51,526: download_queue_item() 'Wallpaper URL: https://wallhaven.cc/w/e7o9yo'
INFO: 2021-07-14 19:04:52,097: download_queue_item() 'Image src URL: https://w.wallhaven.cc/full/e7/wallhaven-e7o9yo.jpg'
INFO: 2021-07-14 19:04:52,099: save_locally() 'Origin URL: https://wallhaven.cc/w/e7o9yo'
INFO: 2021-07-14 19:04:52,099: save_locally() 'Image URL: https://w.wallhaven.cc/full/e7/wallhaven-e7o9yo.jpg'
INFO: 2021-07-14 19:04:52,099: save_locally() 'Local path: /home/niel/.config/variety/Downloaded/wallhaven_minimalism/wallhaven-e7o9yo.jpg'
INFO: 2021-07-14 19:04:53,361: save_locally() 'Download complete'
INFO: 2021-07-14 19:04:53,361: update_indicator() 'Setting file info to: /usr/share/backgrounds/arcolinux/harddisk-5184-3456.jpg'
INFO: 2021-07-14 19:04:53,362: list_files() 'More than 1 files in the folders, stop listing'
INFO: 2021-07-14 19:04:53,363: download_one_from() 'Adding downloaded file /home/niel/.config/variety/Downloaded/wallhaven_minimalism/wallhaven-e7o9yo.jpg to unseen_downloads'
INFO: 2021-07-14 19:04:54,365: get_throttling() 'Wallhaven.cc: parsing serverside options'
INFO: 2021-07-14 19:04:54,365: get_throttling() 'Wallhaven.cc serverside options: {'min_fill_queue_interval': 1800, 'min_download_interval': 1800}'
INFO: 2021-07-14 19:04:54,365: get_throttling() 'Wallhaven.cc: parsing serverside options'
INFO: 2021-07-14 19:04:54,365: get_throttling() 'Wallhaven.cc serverside options: {'min_fill_queue_interval': 1800, 'min_download_interval': 1800}'
INFO: 2021-07-14 19:04:54,366: download_one() 'Wallhaven.cc: Downloading an image, config: minimalism'
INFO: 2021-07-14 19:04:54,366: download_one() 'Wallhaven.cc: Queue size: 0'
INFO: 2021-07-14 19:04:54,366: get_throttling() 'Wallhaven.cc: parsing serverside options'
INFO: 2021-07-14 19:04:54,366: get_throttling() 'Wallhaven.cc serverside options: {'min_fill_queue_interval': 1800, 'min_download_interval': 1800}'
INFO: 2021-07-14 19:04:54,366: download_one() 'Wallhaven.cc: Filling queue'
INFO: 2021-07-14 19:04:54,366: search() 'Performing wallhaven search: url=https://wallhaven.cc/search?q=minimalism&categories=111&purity=100&sorting=favorites&order=desc'
INFO: 2021-07-14 19:04:54,749: fill_queue() '12672 wallpapers in result, using page 7'
INFO: 2021-07-14 19:04:54,749: search() 'Performing wallhaven search: url=https://wallhaven.cc/search?q=minimalism&categories=111&purity=100&sorting=favorites&order=desc&page=7'
INFO: 2021-07-14 19:04:55,312: download_one() 'Wallhaven.cc: Queue populated with 2 URLs'
INFO: 2021-07-14 19:04:55,312: download_queue_item() 'Wallpaper URL: https://wallhaven.cc/w/wyw7d7'
INFO: 2021-07-14 19:04:55,849: download_queue_item() 'Image src URL: https://w.wallhaven.cc/full/wy/wallhaven-wyw7d7.png'
INFO: 2021-07-14 19:04:55,851: save_locally() 'Origin URL: https://wallhaven.cc/w/wyw7d7'
INFO: 2021-07-14 19:04:55,851: save_locally() 'Image URL: https://w.wallhaven.cc/full/wy/wallhaven-wyw7d7.png'
INFO: 2021-07-14 19:04:55,851: save_locally() 'Local path: /home/niel/.config/variety/Downloaded/wallhaven_minimalism/wallhaven-wyw7d7.png'
INFO: 2021-07-14 19:04:55,851: save_locally() 'File already exists, skip downloading'
INFO: 2021-07-14 19:07:56,852: get_throttling() 'Wallhaven.cc: parsing serverside options'
INFO: 2021-07-14 19:07:56,852: get_throttling() 'Wallhaven.cc serverside options: {'min_fill_queue_interval': 1800, 'min_download_interval': 1800}'
INFO: 2021-07-14 19:07:56,852: get_throttling() 'Wallhaven.cc: parsing serverside options'
INFO: 2021-07-14 19:07:56,852: get_throttling() 'Wallhaven.cc serverside options: {'min_fill_queue_interval': 1800, 'min_download_interval': 1800}'
INFO: 2021-07-14 19:07:56,852: download_one() 'Wallhaven.cc: Downloading an image, config: minimalism'
INFO: 2021-07-14 19:07:56,853: download_one() 'Wallhaven.cc: Queue size: 1'
INFO: 2021-07-14 19:07:56,853: download_one() 'Wallhaven.cc: Queue populated with 1 URLs'
INFO: 2021-07-14 19:07:56,853: download_queue_item() 'Wallpaper URL: https://wallhaven.cc/w/e7o9yo'
INFO: 2021-07-14 19:07:57,191: download_queue_item() 'Image src URL: https://w.wallhaven.cc/full/e7/wallhaven-e7o9yo.jpg'
INFO: 2021-07-14 19:07:57,194: save_locally() 'Origin URL: https://wallhaven.cc/w/e7o9yo'
INFO: 2021-07-14 19:07:57,194: save_locally() 'Image URL: https://w.wallhaven.cc/full/e7/wallhaven-e7o9yo.jpg'
INFO: 2021-07-14 19:07:57,194: save_locally() 'Local path: /home/niel/.config/variety/Downloaded/wallhaven_minimalism/wallhaven-e7o9yo.jpg'
INFO: 2021-07-14 19:07:57,194: save_locally() 'File already exists, skip downloading'
INFO: 2021-07-14 19:10:58,195: get_throttling() 'Wallhaven.cc: parsing serverside options'
INFO: 2021-07-14 19:10:58,195: get_throttling() 'Wallhaven.cc serverside options: {'min_fill_queue_interval': 1800, 'min_download_interval': 1800}'
INFO: 2021-07-14 19:10:58,195: get_throttling() 'Wallhaven.cc: parsing serverside options'
INFO: 2021-07-14 19:10:58,196: get_throttling() 'Wallhaven.cc serverside options: {'min_fill_queue_interval': 1800, 'min_download_interval': 1800}'
INFO: 2021-07-14 19:10:58,196: download_one() 'Wallhaven.cc: Downloading an image, config: minimalism'
INFO: 2021-07-14 19:10:58,196: download_one() 'Wallhaven.cc: Queue size: 0'
INFO: 2021-07-14 19:10:58,196: get_throttling() 'Wallhaven.cc: parsing serverside options'
INFO: 2021-07-14 19:10:58,196: get_throttling() 'Wallhaven.cc serverside options: {'min_fill_queue_interval': 1800, 'min_download_interval': 1800}'
INFO: 2021-07-14 19:10:58,196: download_one() 'Wallhaven.cc: Filling queue'
INFO: 2021-07-14 19:10:58,196: search() 'Performing wallhaven search: url=https://wallhaven.cc/search?q=minimalism&categories=111&purity=100&sorting=favorites&order=desc'
INFO: 2021-07-14 19:10:58,489: fill_queue() '12672 wallpapers in result, using page 6'
INFO: 2021-07-14 19:10:58,489: search() 'Performing wallhaven search: url=https://wallhaven.cc/search?q=minimalism&categories=111&purity=100&sorting=favorites&order=desc&page=6'
INFO: 2021-07-14 19:10:59,070: download_one() 'Wallhaven.cc: Queue populated with 1 URLs'
INFO: 2021-07-14 19:10:59,070: download_queue_item() 'Wallpaper URL: https://wallhaven.cc/w/l3ymrr'
INFO: 2021-07-14 19:10:59,638: download_queue_item() 'Image src URL: https://w.wallhaven.cc/full/l3/wallhaven-l3ymrr.jpg'
INFO: 2021-07-14 19:10:59,640: save_locally() 'Origin URL: https://wallhaven.cc/w/l3ymrr'
INFO: 2021-07-14 19:10:59,641: save_locally() 'Image URL: https://w.wallhaven.cc/full/l3/wallhaven-l3ymrr.jpg'
INFO: 2021-07-14 19:10:59,641: save_locally() 'Local path: /home/niel/.config/variety/Downloaded/wallhaven_minimalism/wallhaven-l3ymrr.jpg'
INFO: 2021-07-14 19:10:59,641: save_locally() 'File already exists, skip downloading'
INFO: 2021-07-14 19:14:00,642: get_throttling() 'Wallhaven.cc: parsing serverside options'
INFO: 2021-07-14 19:14:00,642: get_throttling() 'Wallhaven.cc serverside options: {'min_fill_queue_interval': 1800, 'min_download_interval': 1800}'
INFO: 2021-07-14 19:14:00,643: get_throttling() 'Wallhaven.cc: parsing serverside options'
INFO: 2021-07-14 19:14:00,643: get_throttling() 'Wallhaven.cc serverside options: {'min_fill_queue_interval': 1800, 'min_download_interval': 1800}'
INFO: 2021-07-14 19:14:00,643: download_one() 'Wallhaven.cc: Downloading an image, config: minimalism'
INFO: 2021-07-14 19:14:00,643: download_one() 'Wallhaven.cc: Queue size: 0'
INFO: 2021-07-14 19:14:00,643: get_throttling() 'Wallhaven.cc: parsing serverside options'
INFO: 2021-07-14 19:14:00,643: get_throttling() 'Wallhaven.cc serverside options: {'min_fill_queue_interval': 1800, 'min_download_interval': 1800}'
INFO: 2021-07-14 19:14:00,643: download_one() 'Wallhaven.cc: Filling queue'
INFO: 2021-07-14 19:14:00,643: search() 'Performing wallhaven search: url=https://wallhaven.cc/search?q=minimalism&categories=111&purity=100&sorting=favorites&order=desc'
INFO: 2021-07-14 19:14:01,257: fill_queue() '12672 wallpapers in result, using page 2'
INFO: 2021-07-14 19:14:01,258: search() 'Performing wallhaven search: url=https://wallhaven.cc/search?q=minimalism&categories=111&purity=100&sorting=favorites&order=desc&page=2'
INFO: 2021-07-14 19:14:01,597: download_one() 'Wallhaven.cc: Queue populated with 1 URLs'
INFO: 2021-07-14 19:14:01,597: download_queue_item() 'Wallpaper URL: https://wallhaven.cc/w/zm9zlv'
INFO: 2021-07-14 19:14:01,864: download_queue_item() 'Image src URL: https://w.wallhaven.cc/full/zm/wallhaven-zm9zlv.jpg'
INFO: 2021-07-14 19:14:01,865: save_locally() 'Origin URL: https://wallhaven.cc/w/zm9zlv'
INFO: 2021-07-14 19:14:01,865: save_locally() 'Image URL: https://w.wallhaven.cc/full/zm/wallhaven-zm9zlv.jpg'
INFO: 2021-07-14 19:14:01,866: save_locally() 'Local path: /home/niel/.config/variety/Downloaded/wallhaven_minimalism/wallhaven-zm9zlv.jpg'
INFO: 2021-07-14 19:14:02,248: save_locally() 'Download complete'
INFO: 2021-07-14 19:14:02,248: update_indicator() 'Setting file info to: /usr/share/backgrounds/arcolinux/harddisk-5184-3456.jpg'
INFO: 2021-07-14 19:14:02,249: list_files() 'More than 1 files in the folders, stop listing'
INFO: 2021-07-14 19:14:02,249: download_one_from() 'Adding downloaded file /home/niel/.config/variety/Downloaded/wallhaven_minimalism/wallhaven-zm9zlv.jpg to unseen_downloads'
INFO: 2021-07-14 20:36:29,744: do_set_wp() 'Calling do_set_wp with /home/niel/.config/variety/Downloaded/wallhaven_minimalism/wallhaven-mddmxy.jpg, time: 1626287789.7449188'
INFO: 2021-07-14 20:36:29,758: update_indicator() 'Setting file info to: /home/niel/.config/variety/Downloaded/wallhaven_minimalism/wallhaven-mddmxy.jpg'
INFO: 2021-07-14 20:36:29,759: list_files() 'More than 1 files in the folders, stop listing'
